-----------------------------------------------------
Debug for turn #1:
Direction NORTH is safe.
Direction EAST is safe.
Direction SOUTH is safe.
Direction WEST is not safe.
-----------------------------------------------------
Debug for turn #2:
Direction NORTH is not safe.
Direction EAST is safe.
Direction SOUTH is not safe.
Direction WEST is safe.
-----------------------------------------------------
Debug for turn #3:
Direction NORTH is not safe.
Direction EAST is not safe.
Direction SOUTH is not safe.
Direction WEST is safe.
-----------------------------------------------------
Debug for turn #4:
Direction NORTH is not safe.
Direction EAST is not safe.
Direction SOUTH is safe.
Direction WEST is safe.
-----------------------------------------------------
Debug for turn #5:
Direction NORTH is not safe.
Direction EAST is not safe.
Direction SOUTH is safe.
Direction WEST is safe.
-----------------------------------------------------
Debug for turn #6:
Direction NORTH is not safe.
Direction EAST is safe.
Direction SOUTH is safe.
Direction WEST is safe.
-----------------------------------------------------
Debug for turn #7:
Direction NORTH is not safe.
Direction EAST is safe.
Direction SOUTH is safe.
Direction WEST is not safe.
-----------------------------------------------------
Debug for turn #8:
Direction NORTH is not safe.
Direction EAST is safe.
Direction SOUTH is safe.
Direction WEST is not safe.
-----------------------------------------------------
Debug for turn #9:
Direction NORTH is safe.
Direction EAST is safe.
Direction SOUTH is safe.
Direction WEST is not safe.
-----------------------------------------------------
Debug for turn #10:
Direction NORTH is safe.
Direction EAST is safe.
Direction SOUTH is not safe.
Direction WEST is not safe.
-----------------------------------------------------
Debug for turn #11:
Direction NORTH is not safe.
Direction EAST is safe.
Direction SOUTH is not safe.
Direction WEST is not safe.
-----------------------------------------------------
Debug for turn #12:
Direction NORTH is not safe.
Direction EAST is safe.
Direction SOUTH is safe.
Direction WEST is not safe.
-----------------------------------------------------
Debug for turn #13:
Direction NORTH is not safe.
Direction EAST is not safe.
Direction SOUTH is safe.
Direction WEST is not safe.
-----------------------------------------------------
Debug for turn #14:
Direction NORTH is not safe.
Direction EAST is not safe.
Direction SOUTH is safe.
Direction WEST is safe.
-----------------------------------------------------
Debug for turn #15:
Direction NORTH is not safe.
Direction EAST is not safe.
Direction SOUTH is safe.
Direction WEST is not safe.
-----------------------------------------------------
Debug for turn #16:
Direction NORTH is not safe.
Direction EAST is safe.
Direction SOUTH is safe.
Direction WEST is not safe.
-----------------------------------------------------
Debug for turn #17:
Direction NORTH is not safe.
Direction EAST is not safe.
Direction SOUTH is safe.
Direction WEST is not safe.
-----------------------------------------------------
Debug for turn #18:
Direction NORTH is not safe.
Direction EAST is not safe.
Direction SOUTH is safe.
Direction WEST is safe.
-----------------------------------------------------
Debug for turn #19:
Direction NORTH is not safe.
Direction EAST is not safe.
Direction SOUTH is safe.
Direction WEST is safe.
-----------------------------------------------------
Debug for turn #20:
Direction NORTH is not safe.
Direction EAST is not safe.
Direction SOUTH is safe.
Direction WEST is safe.
-----------------------------------------------------
Debug for turn #21:
Direction NORTH is not safe.
Direction EAST is not safe.
Direction SOUTH is safe.
Direction WEST is safe.
-----------------------------------------------------
Debug for turn #22:
Direction NORTH is not safe.
Direction EAST is not safe.
Direction SOUTH is safe.
Direction WEST is safe.
-----------------------------------------------------
Debug for turn #23:
Direction NORTH is not safe.
Direction EAST is not safe.
Direction SOUTH is safe.
Direction WEST is not safe.
-----------------------------------------------------
Debug for turn #24:
Direction NORTH is not safe.
Direction EAST is not safe.
Direction SOUTH is not safe.
Direction WEST is safe.
-----------------------------------------------------
Debug for turn #25:
Direction NORTH is not safe.
Direction EAST is not safe.
Direction SOUTH is safe.
Direction WEST is safe.
-----------------------------------------------------
Debug for turn #26:
Direction NORTH is not safe.
Direction EAST is not safe.
Direction SOUTH is safe.
Direction WEST is not safe.
-----------------------------------------------------
Debug for turn #27:
Direction NORTH is not safe.
Direction EAST is safe.
Direction SOUTH is safe.
Direction WEST is safe.
-----------------------------------------------------
Debug for turn #28:
Direction NORTH is not safe.
Direction EAST is not safe.
Direction SOUTH is safe.
Direction WEST is not safe.
-----------------------------------------------------
Debug for turn #29:
Direction NORTH is not safe.
Direction EAST is not safe.
Direction SOUTH is safe.
Direction WEST is safe.
-----------------------------------------------------
Debug for turn #30:
Direction NORTH is not safe.
Direction EAST is not safe.
Direction SOUTH is safe.
Direction WEST is safe.
-----------------------------------------------------
Debug for turn #31:
Direction NORTH is not safe.
Direction EAST is not safe.
Direction SOUTH is not safe.
Direction WEST is safe.
-----------------------------------------------------
Debug for turn #32:
Direction NORTH is safe.
Direction EAST is not safe.
Direction SOUTH is safe.
Direction WEST is not safe.
-----------------------------------------------------
Debug for turn #33:
Direction NORTH is not safe.
Direction EAST is not safe.
Direction SOUTH is not safe.
Direction WEST is safe.
-----------------------------------------------------
Debug for turn #34:
Direction NORTH is not safe.
Direction EAST is not safe.
Direction SOUTH is not safe.
Direction WEST is safe.
-----------------------------------------------------
Debug for turn #35:
Direction NORTH is safe.
Direction EAST is not safe.
Direction SOUTH is not safe.
Direction WEST is not safe.
-----------------------------------------------------
Debug for turn #36:
Direction NORTH is safe.
Direction EAST is not safe.
Direction SOUTH is not safe.
Direction WEST is safe.
-----------------------------------------------------
Debug for turn #37:
Direction NORTH is safe.
Direction EAST is not safe.
Direction SOUTH is not safe.
Direction WEST is safe.
-----------------------------------------------------
Debug for turn #38:
Direction NORTH is safe.
Direction EAST is safe.
Direction SOUTH is not safe.
Direction WEST is safe.
-----------------------------------------------------
Debug for turn #39:
Direction NORTH is safe.
Direction EAST is safe.
Direction SOUTH is not safe.
Direction WEST is not safe.
-----------------------------------------------------
Debug for turn #40:
Direction NORTH is safe.
Direction EAST is safe.
Direction SOUTH is not safe.
Direction WEST is not safe.
-----------------------------------------------------
Debug for turn #41:
Direction NORTH is safe.
Direction EAST is not safe.
Direction SOUTH is not safe.
Direction WEST is not safe.
-----------------------------------------------------
Debug for turn #42:
Direction NORTH is not safe.
Direction EAST is not safe.
Direction SOUTH is not safe.
Direction WEST is safe.
-----------------------------------------------------
Debug for turn #43:
Direction NORTH is safe.
Direction EAST is not safe.
Direction SOUTH is not safe.
Direction WEST is safe.
-----------------------------------------------------
Debug for turn #44:
Direction NORTH is not safe.
Direction EAST is not safe.
Direction SOUTH is not safe.
Direction WEST is safe.
-----------------------------------------------------
Debug for turn #45:
Direction NORTH is safe.
Direction EAST is not safe.
Direction SOUTH is safe.
Direction WEST is safe.
-----------------------------------------------------
Debug for turn #46:
Direction NORTH is not safe.
Direction EAST is not safe.
Direction SOUTH is not safe.
Direction WEST is safe.
-----------------------------------------------------
Debug for turn #47:
Direction NORTH is safe.
Direction EAST is not safe.
Direction SOUTH is not safe.
Direction WEST is safe.
-----------------------------------------------------
Debug for turn #48:
Direction NORTH is safe.
Direction EAST is not safe.
Direction SOUTH is not safe.
Direction WEST is safe.
-----------------------------------------------------
Debug for turn #49:
Direction NORTH is safe.
Direction EAST is safe.
Direction SOUTH is not safe.
Direction WEST is not safe.
-----------------------------------------------------
Debug for turn #50:
Direction NORTH is safe.
Direction EAST is not safe.
Direction SOUTH is not safe.
Direction WEST is not safe.
-----------------------------------------------------
Debug for turn #51:
Direction NORTH is safe.
Direction EAST is safe.
Direction SOUTH is not safe.
Direction WEST is safe.
-----------------------------------------------------
Debug for turn #52:
Direction NORTH is safe.
Direction EAST is not safe.
Direction SOUTH is not safe.
Direction WEST is not safe.
-----------------------------------------------------
Debug for turn #53:
Direction NORTH is safe.
Direction EAST is not safe.
Direction SOUTH is not safe.
Direction WEST is safe.
-----------------------------------------------------
Debug for turn #54:
Direction NORTH is safe.
Direction EAST is not safe.
Direction SOUTH is not safe.
Direction WEST is safe.
-----------------------------------------------------
Debug for turn #55:
Direction NORTH is safe.
Direction EAST is safe.
Direction SOUTH is not safe.
Direction WEST is safe.
-----------------------------------------------------
Debug for turn #56:
Direction NORTH is not safe.
Direction EAST is not safe.
Direction SOUTH is safe.
Direction WEST is not safe.
-----------------------------------------------------
Debug for turn #57:
Direction NORTH is not safe.
Direction EAST is not safe.
Direction SOUTH is safe.
Direction WEST is safe.
-----------------------------------------------------
Debug for turn #58:
Direction NORTH is not safe.
Direction EAST is not safe.
Direction SOUTH is not safe.
Direction WEST is safe.
-----------------------------------------------------
Debug for turn #59:
Direction NORTH is safe.
Direction EAST is not safe.
Direction SOUTH is not safe.
Direction WEST is safe.
-----------------------------------------------------
Debug for turn #60:
Direction NORTH is not safe.
Direction EAST is not safe.
Direction SOUTH is not safe.
Direction WEST is safe.
-----------------------------------------------------
Debug for turn #61:
Direction NORTH is safe.
Direction EAST is not safe.
Direction SOUTH is safe.
Direction WEST is safe.
-----------------------------------------------------
Debug for turn #62:
Direction NORTH is safe.
Direction EAST is not safe.
Direction SOUTH is not safe.
Direction WEST is safe.
-----------------------------------------------------
Debug for turn #63:
Direction NORTH is safe.
Direction EAST is safe.
Direction SOUTH is not safe.
Direction WEST is safe.
-----------------------------------------------------
Debug for turn #64:
Direction NORTH is not safe.
Direction EAST is not safe.
Direction SOUTH is not safe.
Direction WEST is not safe.
