Starting Game!
Position: 15 15
Moving Up
Position: 15 14
Moving Up
Position: 15 13
Moving Up
Position: 15 12
Moving Up
Position: 15 11
Moving Up
Position: 15 10
Moving Up
Position: 15 9
Moving Up
Position: 15 8
Moving Up
Position: 15 7
Moving Up
Position: 15 6
Moving Up
Position: 15 5
Moving Up
Position: 15 4
Moving Up
Position: 15 3
Moving Up
Position: 15 2
Moving Up
Position: 15 1
Moving Up
Position: 15 0
Moving Right
Position: 14 0
Moving Down
Position: 14 1
Moving Down
Position: 14 2
Moving Down
Position: 14 3
Moving Down
Position: 14 4
Moving Down
Position: 14 5
Moving Down
Position: 14 6
Moving Down
Position: 14 7
Moving Down
Position: 14 8
Moving Down
Position: 14 9
Moving Down
Position: 14 10
Moving Down
Position: 14 11
Moving Down
Position: 14 12
Moving Down
Position: 14 13
Moving Down
Position: 14 14
Moving Down
Position: 14 15
Moving Right
Position: 13 15
Moving Up
Position: 13 14
Moving Up
Position: 13 13
Moving Up
Position: 13 12
Moving Up
Position: 13 11
Moving Up
Position: 13 10
Moving Up
Position: 13 9
Moving Up
Position: 13 8
Moving Up
Position: 13 7
Moving Up
Position: 13 6
Moving Up
Position: 13 5
Moving Up
Position: 13 4
Moving Up
Position: 13 3
Moving Up
Position: 13 2
Moving Up
Position: 13 1
Moving Up
Position: 13 0
Moving Right
Position: 12 0
Moving Down
Position: 12 1
Moving Down
Position: 12 2
Moving Down
Position: 12 3
Moving Down
Position: 12 4
Moving Down
Position: 12 5
Moving Down
Position: 12 6
Moving Down
Position: 12 7
Moving Down
Position: 12 8
Moving Down
Position: 12 9
Moving Down
Position: 12 10
Moving Down
Position: 12 11
Moving Down
Position: 12 12
Moving Down
Position: 12 13
Moving Down
Position: 12 14
Moving Down
Position: 12 15
Moving Right
Position: 11 15
Moving Up
Position: 11 14
Moving Up
Position: 11 13
Moving Up
Position: 11 12
Moving Up
Position: 11 11
Moving Up
Position: 11 10
Moving Up
Position: 11 9
Moving Up
Position: 11 8
Moving Up
Position: 11 7
Moving Up
Position: 11 6
Moving Up
Position: 11 5
Moving Up
Position: 11 4
Moving Up
Position: 11 3
Moving Up
Position: 11 2
Moving Up
Position: 11 1
Moving Up
Position: 11 0
Moving Right
Position: 10 0
Moving Down
Position: 10 1
Moving Down
Position: 10 2
Moving Down
Position: 10 3
Moving Down
Position: 10 4
Moving Down
Position: 10 5
Moving Down
Position: 10 6
Moving Down
Position: 10 7
Moving Down
Position: 10 8
Moving Down
Position: 10 9
Moving Down
Position: 10 10
Moving Down
Position: 10 11
Moving Down
Position: 10 12
Moving Down
Position: 10 13
Moving Down
Position: 10 14
Moving Down
Position: 10 15
Moving Right
Position: 9 15
Moving Up
Position: 9 14
Moving Up
Position: 9 13
Moving Up
Position: 9 12
Moving Up
Position: 9 11
Moving Up
Position: 9 10
Moving Up
Position: 9 9
Moving Up
Position: 9 8
Moving Up
Position: 9 7
Moving Up
Position: 9 6
Moving Up
Position: 9 5
Moving Up
Position: 9 4
Moving Up
Position: 9 3
Moving Up
Position: 9 2
Moving Up
Position: 9 1
Moving Up
Position: 9 0
Moving Right
Position: 8 0
Moving Down
Position: 8 1
Moving Down
Position: 8 2
Moving Down
Position: 8 3
Moving Down
Position: 8 4
Moving Down
Position: 8 5
Moving Down
Position: 8 6
Moving Down
Position: 8 7
Moving Down
Position: 8 8
Moving Down
Position: 8 9
Moving Down
Position: 8 10
Moving Down
Position: 8 11
Moving Down
Position: 8 12
Moving Down
Position: 8 13
Moving Down
Position: 8 14
Moving Down
Position: 8 15
