Starting Game!
Position: 0 0
Moving Down
Position: 0 1
Moving Down
Position: 0 2
Moving Down
Position: 0 3
Moving Down
Position: 0 4
Moving Down
Position: 0 5
Moving Down
Position: 0 6
Moving Down
Position: 0 7
Moving Down
Position: 0 8
Moving Down
Position: 0 9
Moving Down
Position: 0 10
Moving Down
Position: 0 11
Moving Down
Position: 0 12
Moving Down
Position: 0 13
Moving Down
Position: 0 14
Moving Down
Position: 0 15
Moving Left
Position: 1 15
Moving Up
Position: 1 14
Moving Up
Position: 1 13
Moving Up
Position: 1 12
Moving Up
Position: 1 11
Moving Up
Position: 1 10
Moving Up
Position: 1 9
Moving Up
Position: 1 8
Moving Up
Position: 1 7
Moving Up
Position: 1 6
Moving Up
Position: 1 5
Moving Up
Position: 1 4
Moving Up
Position: 1 3
Moving Up
Position: 1 2
Moving Up
Position: 1 1
Moving Up
Position: 1 0
Moving Left
Position: 2 0
Moving Down
Position: 2 1
Moving Down
Position: 2 2
Moving Down
Position: 2 3
Moving Down
Position: 2 4
Moving Down
Position: 2 5
Moving Down
Position: 2 6
Moving Down
Position: 2 7
Moving Down
Position: 2 8
Moving Down
Position: 2 9
Moving Down
Position: 2 10
Moving Down
Position: 2 11
Moving Down
Position: 2 12
Moving Down
Position: 2 13
Moving Down
Position: 2 14
Moving Down
Position: 2 15
Moving Left
Position: 3 15
Moving Up
Position: 3 14
Moving Up
Position: 3 13
Moving Up
Position: 3 12
Moving Up
Position: 3 11
Moving Up
Position: 3 10
Moving Up
Position: 3 9
Moving Up
Position: 3 8
Moving Up
Position: 3 7
Moving Up
Position: 3 6
Moving Up
Position: 3 5
Moving Up
Position: 3 4
Moving Up
Position: 3 3
Moving Up
Position: 3 2
Moving Up
Position: 3 1
Moving Up
Position: 3 0
Moving Left
Position: 4 0
Moving Down
Position: 4 1
Moving Down
Position: 4 2
Moving Down
Position: 4 3
Moving Down
Position: 4 4
Moving Down
Position: 4 5
Moving Down
Position: 4 6
Moving Down
Position: 4 7
Moving Down
Position: 4 8
Moving Down
Position: 4 9
Moving Down
Position: 4 10
Moving Down
Position: 4 11
Moving Down
Position: 4 12
Moving Down
Position: 4 13
Moving Down
Position: 4 14
Moving Down
Position: 4 15
Moving Left
Position: 5 15
Moving Up
Position: 5 14
Moving Up
Position: 5 13
Moving Up
Position: 5 12
Moving Up
Position: 5 11
Moving Up
Position: 5 10
Moving Up
Position: 5 9
Moving Up
Position: 5 8
Moving Up
Position: 5 7
Moving Up
Position: 5 6
Moving Up
Position: 5 5
Moving Up
Position: 5 4
Moving Up
Position: 5 3
Moving Up
Position: 5 2
Moving Up
Position: 5 1
Moving Up
Position: 5 0
Moving Left
Position: 6 0
Moving Down
Position: 6 1
Moving Down
Position: 6 2
Moving Down
Position: 6 3
Moving Down
Position: 6 4
Moving Down
Position: 6 5
Moving Down
Position: 6 6
Moving Down
Position: 6 7
Moving Down
Position: 6 8
Moving Down
Position: 6 9
Moving Down
Position: 6 10
Moving Down
Position: 6 11
Moving Down
Position: 6 12
Moving Down
Position: 6 13
Moving Down
Position: 6 14
Moving Down
Position: 6 15
Moving Left
Position: 7 15
Moving Up
Position: 7 14
Moving Up
Position: 7 13
Moving Up
Position: 7 12
Moving Up
Position: 7 11
Moving Up
Position: 7 10
Moving Up
Position: 7 9
Moving Up
Position: 7 8
Moving Up
Position: 7 7
Moving Up
Position: 7 6
Moving Up
Position: 7 5
Moving Up
Position: 7 4
Moving Up
Position: 7 3
Moving Up
Position: 7 2
Moving Up
Position: 7 1
Moving Up
Position: 7 0
